2024-06-22 13:49:24,383 INFO:Model file downloaded: /Users/tommasoferracina/.cache/huggingface/hub/models--knowledgator--comprehend_it-base/snapshots/84c22d784eb9449ae343fb09d07908ef32903037/config.json
2024-06-22 13:49:24,688 INFO:Model file downloaded: /Users/tommasoferracina/.cache/huggingface/hub/models--knowledgator--comprehend_it-base/snapshots/84c22d784eb9449ae343fb09d07908ef32903037/added_tokens.json
2024-06-22 13:49:24,807 INFO:Model file downloaded: /Users/tommasoferracina/.cache/huggingface/hub/models--knowledgator--comprehend_it-base/snapshots/84c22d784eb9449ae343fb09d07908ef32903037/pytorch_model.bin
2024-06-22 13:49:24,927 INFO:Model file downloaded: /Users/tommasoferracina/.cache/huggingface/hub/models--knowledgator--comprehend_it-base/snapshots/84c22d784eb9449ae343fb09d07908ef32903037/special_tokens_map.json
2024-06-22 13:49:25,217 INFO:Model file downloaded: /Users/tommasoferracina/.cache/huggingface/hub/models--knowledgator--comprehend_it-base/snapshots/84c22d784eb9449ae343fb09d07908ef32903037/tokenizer.json
2024-06-22 13:49:25,333 INFO:Model file downloaded: /Users/tommasoferracina/.cache/huggingface/hub/models--knowledgator--comprehend_it-base/snapshots/84c22d784eb9449ae343fb09d07908ef32903037/tokenizer_config.json
2024-06-22 13:49:25,621 INFO:Model file downloaded: /Users/tommasoferracina/.cache/huggingface/hub/models--knowledgator--comprehend_it-base/snapshots/84c22d784eb9449ae343fb09d07908ef32903037/spm.model
2024-06-22 13:49:27,995 INFO:Processing /Users/tommasoferracina/alfagomma/file-reformatter/media/invoice-uk-service.png...
2024-06-22 13:49:28,442 INFO:Processing /Users/tommasoferracina/alfagomma/file-reformatter/media/invoice-uk-service.jpg...
2024-06-22 13:49:28,979 INFO:Processing /Users/tommasoferracina/alfagomma/file-reformatter/media/invoice-malaysia-freight.jpg...
2024-06-22 13:49:29,533 INFO:Processing /Users/tommasoferracina/alfagomma/file-reformatter/media/invoice-australia-product.jpg...
2024-06-22 13:49:29,800 INFO:Processing /Users/tommasoferracina/alfagomma/file-reformatter/media/invoice-singapore-product.jpeg...
2024-06-22 13:49:35,725 INFO:File renamed from /Users/tommasoferracina/alfagomma/file-reformatter/media/invoice-uk-service.png to /Users/tommasoferracina/alfagomma/file-reformatter/media/invoice-uk-service.png
2024-06-22 13:49:35,726 INFO:/Users/tommasoferracina/alfagomma/file-reformatter/media/invoice-uk-service.png: uk (0.27 confidence) | service (0.39 confidence) in 5.34 seconds.
2024-06-22 13:49:41,710 INFO:File renamed from /Users/tommasoferracina/alfagomma/file-reformatter/media/invoice-uk-service.jpg to /Users/tommasoferracina/alfagomma/file-reformatter/media/invoice-uk-service.jpg
2024-06-22 13:49:41,710 INFO:/Users/tommasoferracina/alfagomma/file-reformatter/media/invoice-uk-service.jpg: uk (0.55 confidence) | service (0.51 confidence) in 5.98 seconds.
2024-06-22 13:49:49,744 INFO:File renamed from /Users/tommasoferracina/alfagomma/file-reformatter/media/invoice-malaysia-freight.jpg to /Users/tommasoferracina/alfagomma/file-reformatter/media/invoice-malaysia-freight.jpg
2024-06-22 13:49:49,744 INFO:/Users/tommasoferracina/alfagomma/file-reformatter/media/invoice-malaysia-freight.jpg: malaysia (0.89 confidence) | freight (0.50 confidence) in 8.03 seconds.
2024-06-22 13:49:53,733 INFO:File renamed from /Users/tommasoferracina/alfagomma/file-reformatter/media/invoice-australia-product.jpg to /Users/tommasoferracina/alfagomma/file-reformatter/media/invoice-australia-product.jpg
2024-06-22 13:49:53,734 INFO:/Users/tommasoferracina/alfagomma/file-reformatter/media/invoice-australia-product.jpg: australia (0.35 confidence) | product (0.37 confidence) in 3.99 seconds.
2024-06-22 13:49:58,392 INFO:File renamed from /Users/tommasoferracina/alfagomma/file-reformatter/media/invoice-singapore-product.jpeg to /Users/tommasoferracina/alfagomma/file-reformatter/media/invoice-singapore-product.jpeg
2024-06-22 13:49:58,392 INFO:/Users/tommasoferracina/alfagomma/file-reformatter/media/invoice-singapore-product.jpeg: singapore (0.59 confidence) | product (0.40 confidence) in 4.66 seconds.
2024-06-22 13:52:15,197 INFO:Model file downloaded: /Users/tommasoferracina/.cache/huggingface/hub/models--knowledgator--comprehend_it-base/snapshots/84c22d784eb9449ae343fb09d07908ef32903037/config.json
2024-06-22 13:52:15,305 INFO:Model file downloaded: /Users/tommasoferracina/.cache/huggingface/hub/models--knowledgator--comprehend_it-base/snapshots/84c22d784eb9449ae343fb09d07908ef32903037/added_tokens.json
2024-06-22 13:52:15,418 INFO:Model file downloaded: /Users/tommasoferracina/.cache/huggingface/hub/models--knowledgator--comprehend_it-base/snapshots/84c22d784eb9449ae343fb09d07908ef32903037/pytorch_model.bin
2024-06-22 13:52:15,696 INFO:Model file downloaded: /Users/tommasoferracina/.cache/huggingface/hub/models--knowledgator--comprehend_it-base/snapshots/84c22d784eb9449ae343fb09d07908ef32903037/special_tokens_map.json
2024-06-22 13:52:15,808 INFO:Model file downloaded: /Users/tommasoferracina/.cache/huggingface/hub/models--knowledgator--comprehend_it-base/snapshots/84c22d784eb9449ae343fb09d07908ef32903037/tokenizer.json
2024-06-22 13:52:16,009 INFO:Model file downloaded: /Users/tommasoferracina/.cache/huggingface/hub/models--knowledgator--comprehend_it-base/snapshots/84c22d784eb9449ae343fb09d07908ef32903037/tokenizer_config.json
2024-06-22 13:52:16,127 INFO:Model file downloaded: /Users/tommasoferracina/.cache/huggingface/hub/models--knowledgator--comprehend_it-base/snapshots/84c22d784eb9449ae343fb09d07908ef32903037/spm.model
2024-06-22 13:52:17,648 INFO:Processing /Users/tommasoferracina/alfagomma/file-reformatter/media/invoice-uk-service.png...
2024-06-22 13:52:18,121 INFO:Processing /Users/tommasoferracina/alfagomma/file-reformatter/media/invoice-uk-service.jpg...
2024-06-22 13:52:18,667 INFO:Processing /Users/tommasoferracina/alfagomma/file-reformatter/media/invoice-malaysia-freight.jpg...
2024-06-22 13:52:19,234 INFO:Processing /Users/tommasoferracina/alfagomma/file-reformatter/media/invoice-australia-product.jpg...
2024-06-22 13:52:19,510 INFO:Processing /Users/tommasoferracina/alfagomma/file-reformatter/media/invoice-singapore-product.jpeg...
2024-06-22 13:52:26,091 INFO:File renamed from /Users/tommasoferracina/alfagomma/file-reformatter/media/invoice-uk-service.png to /Users/tommasoferracina/alfagomma/file-reformatter/media/invoice-uk-service.png
2024-06-22 13:52:26,091 INFO:/Users/tommasoferracina/alfagomma/file-reformatter/media/invoice-uk-service.png[57:]: uk (0.27 confidence) | service (0.39 confidence) in 6.00 seconds.
2024-06-22 13:52:33,460 INFO:File renamed from /Users/tommasoferracina/alfagomma/file-reformatter/media/invoice-uk-service.jpg to /Users/tommasoferracina/alfagomma/file-reformatter/media/invoice-uk-service.jpg
2024-06-22 13:52:33,460 INFO:/Users/tommasoferracina/alfagomma/file-reformatter/media/invoice-uk-service.jpg[57:]: uk (0.55 confidence) | service (0.51 confidence) in 7.37 seconds.
2024-06-22 13:52:42,410 INFO:File renamed from /Users/tommasoferracina/alfagomma/file-reformatter/media/invoice-malaysia-freight.jpg to /Users/tommasoferracina/alfagomma/file-reformatter/media/invoice-malaysia-freight.jpg
2024-06-22 13:52:42,410 INFO:/Users/tommasoferracina/alfagomma/file-reformatter/media/invoice-malaysia-freight.jpg[57:]: malaysia (0.89 confidence) | freight (0.50 confidence) in 8.95 seconds.
2024-06-22 13:52:46,470 INFO:File renamed from /Users/tommasoferracina/alfagomma/file-reformatter/media/invoice-australia-product.jpg to /Users/tommasoferracina/alfagomma/file-reformatter/media/invoice-australia-product.jpg
2024-06-22 13:52:46,470 INFO:/Users/tommasoferracina/alfagomma/file-reformatter/media/invoice-australia-product.jpg[57:]: australia (0.35 confidence) | product (0.37 confidence) in 4.06 seconds.
2024-06-22 13:52:51,186 INFO:File renamed from /Users/tommasoferracina/alfagomma/file-reformatter/media/invoice-singapore-product.jpeg to /Users/tommasoferracina/alfagomma/file-reformatter/media/invoice-singapore-product.jpeg
2024-06-22 13:52:51,186 INFO:/Users/tommasoferracina/alfagomma/file-reformatter/media/invoice-singapore-product.jpeg[57:]: singapore (0.59 confidence) | product (0.40 confidence) in 4.72 seconds.
2024-06-22 14:09:00,898 INFO:Model file downloaded: /Users/tommasoferracina/.cache/huggingface/hub/models--knowledgator--comprehend_it-base/snapshots/84c22d784eb9449ae343fb09d07908ef32903037/config.json
2024-06-22 14:09:01,013 INFO:Model file downloaded: /Users/tommasoferracina/.cache/huggingface/hub/models--knowledgator--comprehend_it-base/snapshots/84c22d784eb9449ae343fb09d07908ef32903037/added_tokens.json
2024-06-22 14:09:01,133 INFO:Model file downloaded: /Users/tommasoferracina/.cache/huggingface/hub/models--knowledgator--comprehend_it-base/snapshots/84c22d784eb9449ae343fb09d07908ef32903037/pytorch_model.bin
2024-06-22 14:09:01,257 INFO:Model file downloaded: /Users/tommasoferracina/.cache/huggingface/hub/models--knowledgator--comprehend_it-base/snapshots/84c22d784eb9449ae343fb09d07908ef32903037/special_tokens_map.json
2024-06-22 14:09:01,369 INFO:Model file downloaded: /Users/tommasoferracina/.cache/huggingface/hub/models--knowledgator--comprehend_it-base/snapshots/84c22d784eb9449ae343fb09d07908ef32903037/tokenizer.json
2024-06-22 14:09:01,479 INFO:Model file downloaded: /Users/tommasoferracina/.cache/huggingface/hub/models--knowledgator--comprehend_it-base/snapshots/84c22d784eb9449ae343fb09d07908ef32903037/tokenizer_config.json
2024-06-22 14:09:01,586 INFO:Model file downloaded: /Users/tommasoferracina/.cache/huggingface/hub/models--knowledgator--comprehend_it-base/snapshots/84c22d784eb9449ae343fb09d07908ef32903037/spm.model
2024-06-22 14:09:04,098 INFO:Processing /Users/tommasoferracina/alfagomma/file-reformatter/media/invoice-uk-service.png...
2024-06-22 14:09:04,546 INFO:Processing /Users/tommasoferracina/alfagomma/file-reformatter/media/invoice-uk-service.jpg...
2024-06-22 14:09:05,077 INFO:Processing /Users/tommasoferracina/alfagomma/file-reformatter/media/invoice-malaysia-freight.jpg...
2024-06-22 14:09:05,632 INFO:Processing /Users/tommasoferracina/alfagomma/file-reformatter/media/invoice-australia-product.jpg...
2024-06-22 14:09:05,898 INFO:Processing /Users/tommasoferracina/alfagomma/file-reformatter/media/invoice-singapore-product.jpeg...
2024-06-22 14:09:11,486 INFO:File renamed from /Users/tommasoferracina/alfagomma/file-reformatter/media/invoice-uk-service.png to /Users/tommasoferracina/alfagomma/file-reformatter/media/invoice-uk-service.png
2024-06-22 14:09:11,487 INFO:invoice-uk-service.png: uk (0.27 confidence) | service (0.39 confidence) in 5.01 seconds.
2024-06-22 14:09:18,267 INFO:File renamed from /Users/tommasoferracina/alfagomma/file-reformatter/media/invoice-uk-service.jpg to /Users/tommasoferracina/alfagomma/file-reformatter/media/invoice-uk-service.jpg
2024-06-22 14:09:18,267 INFO:invoice-uk-service.jpg: uk (0.55 confidence) | service (0.51 confidence) in 6.78 seconds.
2024-06-22 14:09:27,488 INFO:File renamed from /Users/tommasoferracina/alfagomma/file-reformatter/media/invoice-malaysia-freight.jpg to /Users/tommasoferracina/alfagomma/file-reformatter/media/invoice-malaysia-freight.jpg
2024-06-22 14:09:27,488 INFO:invoice-malaysia-freight.jpg: malaysia (0.89 confidence) | freight (0.50 confidence) in 9.22 seconds.
2024-06-22 14:09:31,648 INFO:File renamed from /Users/tommasoferracina/alfagomma/file-reformatter/media/invoice-australia-product.jpg to /Users/tommasoferracina/alfagomma/file-reformatter/media/invoice-australia-product.jpg
2024-06-22 14:09:31,648 INFO:invoice-australia-product.jpg: australia (0.35 confidence) | product (0.37 confidence) in 4.16 seconds.
2024-06-22 14:09:36,718 INFO:File renamed from /Users/tommasoferracina/alfagomma/file-reformatter/media/invoice-singapore-product.jpeg to /Users/tommasoferracina/alfagomma/file-reformatter/media/invoice-singapore-product.jpeg
2024-06-22 14:09:36,718 INFO:invoice-singapore-product.jpeg: singapore (0.59 confidence) | product (0.40 confidence) in 5.07 seconds.
2024-06-22 14:12:49,073 INFO:Model file downloaded: /Users/tommasoferracina/.cache/huggingface/hub/models--knowledgator--comprehend_it-base/snapshots/84c22d784eb9449ae343fb09d07908ef32903037/config.json
2024-06-22 14:12:49,185 INFO:Model file downloaded: /Users/tommasoferracina/.cache/huggingface/hub/models--knowledgator--comprehend_it-base/snapshots/84c22d784eb9449ae343fb09d07908ef32903037/added_tokens.json
2024-06-22 14:12:49,302 INFO:Model file downloaded: /Users/tommasoferracina/.cache/huggingface/hub/models--knowledgator--comprehend_it-base/snapshots/84c22d784eb9449ae343fb09d07908ef32903037/pytorch_model.bin
2024-06-22 14:12:49,409 INFO:Model file downloaded: /Users/tommasoferracina/.cache/huggingface/hub/models--knowledgator--comprehend_it-base/snapshots/84c22d784eb9449ae343fb09d07908ef32903037/special_tokens_map.json
2024-06-22 14:12:49,517 INFO:Model file downloaded: /Users/tommasoferracina/.cache/huggingface/hub/models--knowledgator--comprehend_it-base/snapshots/84c22d784eb9449ae343fb09d07908ef32903037/tokenizer.json
2024-06-22 14:12:49,621 INFO:Model file downloaded: /Users/tommasoferracina/.cache/huggingface/hub/models--knowledgator--comprehend_it-base/snapshots/84c22d784eb9449ae343fb09d07908ef32903037/tokenizer_config.json
2024-06-22 14:12:49,731 INFO:Model file downloaded: /Users/tommasoferracina/.cache/huggingface/hub/models--knowledgator--comprehend_it-base/snapshots/84c22d784eb9449ae343fb09d07908ef32903037/spm.model
2024-06-22 14:12:51,644 INFO:Processing /Users/tommasoferracina/alfagomma/file-reformatter/media/invoice-uk-service.png...
2024-06-22 14:12:52,110 INFO:Processing /Users/tommasoferracina/alfagomma/file-reformatter/media/invoice-uk-service.jpg...
2024-06-22 14:12:52,642 INFO:Processing /Users/tommasoferracina/alfagomma/file-reformatter/media/invoice-malaysia-freight.jpg...
2024-06-22 14:12:53,239 INFO:Processing /Users/tommasoferracina/alfagomma/file-reformatter/media/invoice-australia-product.jpg...
2024-06-22 14:12:53,505 INFO:Processing /Users/tommasoferracina/alfagomma/file-reformatter/media/invoice-singapore-product.jpeg...
2024-06-22 14:12:58,884 INFO:File renamed from invoice-uk-service.png to invoice-uk-service.png
2024-06-22 14:12:58,884 INFO:invoice-uk-service.png: uk (0.27 confidence) | service (0.39 confidence) in 4.81 seconds.
2024-06-22 14:13:05,003 INFO:File renamed from invoice-uk-service.jpg to invoice-uk-service.jpg
2024-06-22 14:13:05,003 INFO:invoice-uk-service.jpg: uk (0.55 confidence) | service (0.51 confidence) in 6.12 seconds.
2024-06-22 14:13:13,338 INFO:File renamed from invoice-malaysia-freight.jpg to invoice-malaysia-freight.jpg
2024-06-22 14:13:13,338 INFO:invoice-malaysia-freight.jpg: malaysia (0.89 confidence) | freight (0.50 confidence) in 8.33 seconds.
2024-06-22 14:13:18,193 INFO:File renamed from invoice-australia-product.jpg to invoice-australia-product.jpg
2024-06-22 14:13:18,193 INFO:invoice-australia-product.jpg: australia (0.35 confidence) | product (0.37 confidence) in 4.85 seconds.
2024-06-22 14:13:24,061 INFO:File renamed from invoice-singapore-product.jpeg to invoice-singapore-product.jpeg
2024-06-22 14:13:24,061 INFO:invoice-singapore-product.jpeg: singapore (0.59 confidence) | product (0.40 confidence) in 5.87 seconds.
2024-06-22 14:52:49,822 INFO:Model file downloaded: /Users/tommasoferracina/.cache/huggingface/hub/models--knowledgator--comprehend_it-base/snapshots/84c22d784eb9449ae343fb09d07908ef32903037/config.json
2024-06-22 14:52:50,117 INFO:Model file downloaded: /Users/tommasoferracina/.cache/huggingface/hub/models--knowledgator--comprehend_it-base/snapshots/84c22d784eb9449ae343fb09d07908ef32903037/added_tokens.json
2024-06-22 14:52:50,248 INFO:Model file downloaded: /Users/tommasoferracina/.cache/huggingface/hub/models--knowledgator--comprehend_it-base/snapshots/84c22d784eb9449ae343fb09d07908ef32903037/pytorch_model.bin
2024-06-22 14:52:50,454 INFO:Model file downloaded: /Users/tommasoferracina/.cache/huggingface/hub/models--knowledgator--comprehend_it-base/snapshots/84c22d784eb9449ae343fb09d07908ef32903037/special_tokens_map.json
2024-06-22 14:52:50,575 INFO:Model file downloaded: /Users/tommasoferracina/.cache/huggingface/hub/models--knowledgator--comprehend_it-base/snapshots/84c22d784eb9449ae343fb09d07908ef32903037/tokenizer.json
2024-06-22 14:52:50,692 INFO:Model file downloaded: /Users/tommasoferracina/.cache/huggingface/hub/models--knowledgator--comprehend_it-base/snapshots/84c22d784eb9449ae343fb09d07908ef32903037/tokenizer_config.json
2024-06-22 14:52:50,877 INFO:Model file downloaded: /Users/tommasoferracina/.cache/huggingface/hub/models--knowledgator--comprehend_it-base/snapshots/84c22d784eb9449ae343fb09d07908ef32903037/spm.model
2024-06-22 14:52:53,518 INFO:Processing /Users/tommasoferracina/alfagomma/file-reformatter/media/invoice-uk-service.png...
2024-06-22 14:52:53,971 INFO:Processing /Users/tommasoferracina/alfagomma/file-reformatter/media/invoice-uk-service.jpg...
2024-06-22 14:52:54,511 INFO:Processing /Users/tommasoferracina/alfagomma/file-reformatter/media/invoice-malaysia-freight.jpg...
2024-06-22 14:52:55,072 INFO:Processing /Users/tommasoferracina/alfagomma/file-reformatter/media/invoice-australia-product.jpg...
2024-06-22 14:52:55,349 INFO:Processing /Users/tommasoferracina/alfagomma/file-reformatter/media/invoice-singapore-product.jpeg...
2024-06-22 14:53:00,970 INFO:File renamed from invoice-uk-service.png to invoice-uk-service.png
2024-06-22 14:53:00,971 INFO:Classified invoice-uk-service.png as: uk (0.27 confidence) | service (0.39 confidence) in 5.04 seconds.
2024-06-22 14:53:06,885 INFO:File renamed from invoice-uk-service.jpg to invoice-uk-service.jpg
2024-06-22 14:53:06,885 INFO:Classified invoice-uk-service.jpg as: uk (0.55 confidence) | service (0.51 confidence) in 5.91 seconds.
2024-06-22 14:53:15,290 INFO:File renamed from invoice-malaysia-freight.jpg to invoice-malaysia-freight.jpg
2024-06-22 14:53:15,290 INFO:Classified invoice-malaysia-freight.jpg as: malaysia (0.89 confidence) | freight (0.50 confidence) in 8.40 seconds.
2024-06-22 14:53:19,278 INFO:File renamed from invoice-australia-product.jpg to invoice-australia-product.jpg
2024-06-22 14:53:19,278 INFO:Classified invoice-australia-product.jpg as: australia (0.35 confidence) | product (0.37 confidence) in 3.99 seconds.
2024-06-22 14:53:24,430 INFO:File renamed from invoice-singapore-product.jpeg to invoice-singapore-product.jpeg
2024-06-22 14:53:24,431 INFO:Classified invoice-singapore-product.jpeg as: singapore (0.59 confidence) | product (0.40 confidence) in 5.15 seconds.
2024-06-24 13:56:16,273 INFO:Model file downloaded: /Users/tommasoferracina/.cache/huggingface/hub/models--knowledgator--comprehend_it-base/snapshots/84c22d784eb9449ae343fb09d07908ef32903037/config.json
2024-06-24 13:56:16,424 INFO:Model file downloaded: /Users/tommasoferracina/.cache/huggingface/hub/models--knowledgator--comprehend_it-base/snapshots/84c22d784eb9449ae343fb09d07908ef32903037/added_tokens.json
2024-06-24 13:56:16,579 INFO:Model file downloaded: /Users/tommasoferracina/.cache/huggingface/hub/models--knowledgator--comprehend_it-base/snapshots/84c22d784eb9449ae343fb09d07908ef32903037/pytorch_model.bin
2024-06-24 13:56:16,729 INFO:Model file downloaded: /Users/tommasoferracina/.cache/huggingface/hub/models--knowledgator--comprehend_it-base/snapshots/84c22d784eb9449ae343fb09d07908ef32903037/special_tokens_map.json
2024-06-24 13:56:16,875 INFO:Model file downloaded: /Users/tommasoferracina/.cache/huggingface/hub/models--knowledgator--comprehend_it-base/snapshots/84c22d784eb9449ae343fb09d07908ef32903037/tokenizer.json
2024-06-24 13:56:17,022 INFO:Model file downloaded: /Users/tommasoferracina/.cache/huggingface/hub/models--knowledgator--comprehend_it-base/snapshots/84c22d784eb9449ae343fb09d07908ef32903037/tokenizer_config.json
2024-06-24 13:56:17,186 INFO:Model file downloaded: /Users/tommasoferracina/.cache/huggingface/hub/models--knowledgator--comprehend_it-base/snapshots/84c22d784eb9449ae343fb09d07908ef32903037/spm.model
2024-06-24 13:56:19,877 INFO:Processing /Users/tommasoferracina/alfagomma/file-reformatter/media/IT-invoice.jpg...
2024-06-24 13:56:20,572 INFO:Processing /Users/tommasoferracina/alfagomma/file-reformatter/media/US-invoice.jpg...
2024-06-24 13:56:20,902 INFO:Processing /Users/tommasoferracina/alfagomma/file-reformatter/media/MY-invoice.jpg...
2024-06-24 13:56:21,465 INFO:Processing /Users/tommasoferracina/alfagomma/file-reformatter/media/SG-invoice.jpeg...
2024-06-24 14:13:01,687 INFO:Model file downloaded: /Users/tommasoferracina/.cache/huggingface/hub/models--knowledgator--comprehend_it-base/snapshots/84c22d784eb9449ae343fb09d07908ef32903037/config.json
2024-06-24 14:13:01,877 INFO:Model file downloaded: /Users/tommasoferracina/.cache/huggingface/hub/models--knowledgator--comprehend_it-base/snapshots/84c22d784eb9449ae343fb09d07908ef32903037/added_tokens.json
2024-06-24 14:13:02,025 INFO:Model file downloaded: /Users/tommasoferracina/.cache/huggingface/hub/models--knowledgator--comprehend_it-base/snapshots/84c22d784eb9449ae343fb09d07908ef32903037/pytorch_model.bin
2024-06-24 14:13:02,170 INFO:Model file downloaded: /Users/tommasoferracina/.cache/huggingface/hub/models--knowledgator--comprehend_it-base/snapshots/84c22d784eb9449ae343fb09d07908ef32903037/special_tokens_map.json
2024-06-24 14:13:02,348 INFO:Model file downloaded: /Users/tommasoferracina/.cache/huggingface/hub/models--knowledgator--comprehend_it-base/snapshots/84c22d784eb9449ae343fb09d07908ef32903037/tokenizer.json
2024-06-24 14:13:02,497 INFO:Model file downloaded: /Users/tommasoferracina/.cache/huggingface/hub/models--knowledgator--comprehend_it-base/snapshots/84c22d784eb9449ae343fb09d07908ef32903037/tokenizer_config.json
2024-06-24 14:13:02,650 INFO:Model file downloaded: /Users/tommasoferracina/.cache/huggingface/hub/models--knowledgator--comprehend_it-base/snapshots/84c22d784eb9449ae343fb09d07908ef32903037/spm.model
2024-06-24 14:13:05,297 INFO:Processing /Users/tommasoferracina/alfagomma/file-reformatter/media/IT-invoice.jpg...
2024-06-24 14:13:05,928 INFO:Processing /Users/tommasoferracina/alfagomma/file-reformatter/media/US-invoice.jpg...
2024-06-24 14:13:06,476 INFO:Processing /Users/tommasoferracina/alfagomma/file-reformatter/media/MY-invoice.jpg...
2024-06-24 14:13:07,020 INFO:Processing /Users/tommasoferracina/alfagomma/file-reformatter/media/SG-invoice.jpeg...
2024-06-24 14:13:10,252 INFO:File renamed from IT-invoice.jpg to invoice-uk-service.jpg
2024-06-24 14:13:10,253 INFO:Classified IT-invoice.jpg as: uk (0.57 confidence) | service (0.51 confidence) in 2.70 seconds.
2024-06-24 14:13:11,486 INFO:File renamed from US-invoice.jpg to invoice-australia-product.jpg
2024-06-24 14:13:11,486 INFO:Classified US-invoice.jpg as: australia (0.35 confidence) | product (0.37 confidence) in 1.23 seconds.
2024-06-24 14:13:14,844 INFO:File renamed from MY-invoice.jpg to invoice-Malaysia-freight.jpg
2024-06-24 14:13:14,844 INFO:Classified MY-invoice.jpg as: Malaysia (0.88 confidence) | freight (0.50 confidence) in 3.36 seconds.
2024-06-24 14:13:16,395 INFO:File renamed from SG-invoice.jpeg to invoice-singapore-product.jpeg
2024-06-24 14:13:16,395 INFO:Classified SG-invoice.jpeg as: singapore (0.64 confidence) | product (0.40 confidence) in 1.55 seconds.
2024-06-25 10:46:05,363 INFO:Model file downloaded: /Users/tommasoferracina/.cache/huggingface/hub/models--knowledgator--comprehend_it-base/snapshots/84c22d784eb9449ae343fb09d07908ef32903037/config.json
2024-06-25 10:46:05,508 INFO:Model file downloaded: /Users/tommasoferracina/.cache/huggingface/hub/models--knowledgator--comprehend_it-base/snapshots/84c22d784eb9449ae343fb09d07908ef32903037/added_tokens.json
2024-06-25 10:46:05,877 INFO:Model file downloaded: /Users/tommasoferracina/.cache/huggingface/hub/models--knowledgator--comprehend_it-base/snapshots/84c22d784eb9449ae343fb09d07908ef32903037/pytorch_model.bin
2024-06-25 10:46:06,022 INFO:Model file downloaded: /Users/tommasoferracina/.cache/huggingface/hub/models--knowledgator--comprehend_it-base/snapshots/84c22d784eb9449ae343fb09d07908ef32903037/special_tokens_map.json
2024-06-25 10:46:06,553 INFO:Model file downloaded: /Users/tommasoferracina/.cache/huggingface/hub/models--knowledgator--comprehend_it-base/snapshots/84c22d784eb9449ae343fb09d07908ef32903037/tokenizer.json
2024-06-25 10:46:06,700 INFO:Model file downloaded: /Users/tommasoferracina/.cache/huggingface/hub/models--knowledgator--comprehend_it-base/snapshots/84c22d784eb9449ae343fb09d07908ef32903037/tokenizer_config.json
2024-06-25 10:46:06,849 INFO:Model file downloaded: /Users/tommasoferracina/.cache/huggingface/hub/models--knowledgator--comprehend_it-base/snapshots/84c22d784eb9449ae343fb09d07908ef32903037/spm.model
2024-06-25 11:48:05,355 INFO:Model file downloaded: /Users/tommasoferracina/.cache/huggingface/hub/models--knowledgator--comprehend_it-base/snapshots/84c22d784eb9449ae343fb09d07908ef32903037/config.json
2024-06-25 11:48:05,540 INFO:Model file downloaded: /Users/tommasoferracina/.cache/huggingface/hub/models--knowledgator--comprehend_it-base/snapshots/84c22d784eb9449ae343fb09d07908ef32903037/added_tokens.json
2024-06-25 11:48:05,915 INFO:Model file downloaded: /Users/tommasoferracina/.cache/huggingface/hub/models--knowledgator--comprehend_it-base/snapshots/84c22d784eb9449ae343fb09d07908ef32903037/pytorch_model.bin
2024-06-25 11:48:06,065 INFO:Model file downloaded: /Users/tommasoferracina/.cache/huggingface/hub/models--knowledgator--comprehend_it-base/snapshots/84c22d784eb9449ae343fb09d07908ef32903037/special_tokens_map.json
2024-06-25 11:48:06,229 INFO:Model file downloaded: /Users/tommasoferracina/.cache/huggingface/hub/models--knowledgator--comprehend_it-base/snapshots/84c22d784eb9449ae343fb09d07908ef32903037/tokenizer.json
2024-06-25 11:48:06,395 INFO:Model file downloaded: /Users/tommasoferracina/.cache/huggingface/hub/models--knowledgator--comprehend_it-base/snapshots/84c22d784eb9449ae343fb09d07908ef32903037/tokenizer_config.json
2024-06-25 11:48:06,595 INFO:Model file downloaded: /Users/tommasoferracina/.cache/huggingface/hub/models--knowledgator--comprehend_it-base/snapshots/84c22d784eb9449ae343fb09d07908ef32903037/spm.model
2024-06-26 09:49:54,227 INFO:Model file downloaded: /Users/tommasoferracina/.cache/huggingface/hub/models--knowledgator--comprehend_it-base/snapshots/84c22d784eb9449ae343fb09d07908ef32903037/config.json
2024-06-26 09:49:54,391 INFO:Model file downloaded: /Users/tommasoferracina/.cache/huggingface/hub/models--knowledgator--comprehend_it-base/snapshots/84c22d784eb9449ae343fb09d07908ef32903037/added_tokens.json
2024-06-26 09:49:54,561 INFO:Model file downloaded: /Users/tommasoferracina/.cache/huggingface/hub/models--knowledgator--comprehend_it-base/snapshots/84c22d784eb9449ae343fb09d07908ef32903037/pytorch_model.bin
2024-06-26 09:49:54,988 INFO:Model file downloaded: /Users/tommasoferracina/.cache/huggingface/hub/models--knowledgator--comprehend_it-base/snapshots/84c22d784eb9449ae343fb09d07908ef32903037/special_tokens_map.json
2024-06-26 09:49:55,139 INFO:Model file downloaded: /Users/tommasoferracina/.cache/huggingface/hub/models--knowledgator--comprehend_it-base/snapshots/84c22d784eb9449ae343fb09d07908ef32903037/tokenizer.json
2024-06-26 09:49:55,288 INFO:Model file downloaded: /Users/tommasoferracina/.cache/huggingface/hub/models--knowledgator--comprehend_it-base/snapshots/84c22d784eb9449ae343fb09d07908ef32903037/tokenizer_config.json
2024-06-26 09:49:55,439 INFO:Model file downloaded: /Users/tommasoferracina/.cache/huggingface/hub/models--knowledgator--comprehend_it-base/snapshots/84c22d784eb9449ae343fb09d07908ef32903037/spm.model
2024-06-26 09:49:57,769 INFO:Directory path set to: /Users/tommasoferracina/alfagomma/document-automation/invoice-sorter/media/train
2024-06-26 09:49:57,770 INFO:Starting OCR processing for directory: /Users/tommasoferracina/alfagomma/document-automation/invoice-sorter/media/train
2024-06-26 09:49:57,771 INFO:Processing PDF /Users/tommasoferracina/alfagomma/document-automation/invoice-sorter/media/train/service-7-uk.pdf...
2024-06-26 09:49:57,771 INFO:Starting OCR for /Users/tommasoferracina/alfagomma/document-automation/invoice-sorter/media/train/service-7-uk.pdf
2024-06-26 09:49:59,922 INFO:Processed page 1
2024-06-26 09:49:59,922 INFO:OCR completed successfully for /Users/tommasoferracina/alfagomma/document-automation/invoice-sorter/media/train/service-7-uk.pdf
2024-06-26 09:49:59,923 INFO:Processing PDF /Users/tommasoferracina/alfagomma/document-automation/invoice-sorter/media/train/product-3-aus.pdf...
2024-06-26 09:49:59,923 INFO:Starting OCR for /Users/tommasoferracina/alfagomma/document-automation/invoice-sorter/media/train/product-3-aus.pdf
2024-06-26 09:50:01,809 INFO:Processed page 1
2024-06-26 09:50:01,809 INFO:OCR completed successfully for /Users/tommasoferracina/alfagomma/document-automation/invoice-sorter/media/train/product-3-aus.pdf
2024-06-26 09:50:01,809 INFO:Processing PDF /Users/tommasoferracina/alfagomma/document-automation/invoice-sorter/media/train/product-13-uk.pdf...
2024-06-26 09:50:01,809 INFO:Starting OCR for /Users/tommasoferracina/alfagomma/document-automation/invoice-sorter/media/train/product-13-uk.pdf
2024-06-26 09:50:04,562 INFO:Processed page 1
2024-06-26 09:50:04,562 INFO:OCR completed successfully for /Users/tommasoferracina/alfagomma/document-automation/invoice-sorter/media/train/product-13-uk.pdf
2024-06-26 09:50:04,562 INFO:Processing PDF /Users/tommasoferracina/alfagomma/document-automation/invoice-sorter/media/train/service-3-aus.pdf...
2024-06-26 09:50:04,562 INFO:Starting OCR for /Users/tommasoferracina/alfagomma/document-automation/invoice-sorter/media/train/service-3-aus.pdf
2024-06-26 09:50:06,833 INFO:Processed page 1
2024-06-26 09:50:06,833 INFO:OCR completed successfully for /Users/tommasoferracina/alfagomma/document-automation/invoice-sorter/media/train/service-3-aus.pdf
2024-06-26 09:50:06,833 INFO:Processing PDF /Users/tommasoferracina/alfagomma/document-automation/invoice-sorter/media/train/utility-1-uk.pdf...
2024-06-26 09:50:06,833 INFO:Starting OCR for /Users/tommasoferracina/alfagomma/document-automation/invoice-sorter/media/train/utility-1-uk.pdf
2024-06-26 09:50:08,668 INFO:Processed page 1
2024-06-26 09:50:11,583 INFO:Processed page 2
2024-06-26 09:50:11,583 INFO:OCR completed successfully for /Users/tommasoferracina/alfagomma/document-automation/invoice-sorter/media/train/utility-1-uk.pdf
2024-06-26 09:50:11,584 INFO:Processing PDF /Users/tommasoferracina/alfagomma/document-automation/invoice-sorter/media/train/freight-1-aus.pdf...
2024-06-26 09:50:11,584 INFO:Starting OCR for /Users/tommasoferracina/alfagomma/document-automation/invoice-sorter/media/train/freight-1-aus.pdf
2024-06-26 09:50:13,509 INFO:Processed page 1
2024-06-26 09:50:16,618 INFO:Processed page 2
2024-06-26 09:50:18,385 INFO:Processed page 3
2024-06-26 09:50:18,385 INFO:OCR completed successfully for /Users/tommasoferracina/alfagomma/document-automation/invoice-sorter/media/train/freight-1-aus.pdf
2024-06-26 09:50:18,385 INFO:Processing PDF /Users/tommasoferracina/alfagomma/document-automation/invoice-sorter/media/train/freight-7-uk.pdf...
2024-06-26 09:50:18,385 INFO:Starting OCR for /Users/tommasoferracina/alfagomma/document-automation/invoice-sorter/media/train/freight-7-uk.pdf
2024-06-26 09:50:21,403 INFO:Processed page 1
2024-06-26 09:50:23,924 INFO:Processed page 2
2024-06-26 09:50:23,924 INFO:OCR completed successfully for /Users/tommasoferracina/alfagomma/document-automation/invoice-sorter/media/train/freight-7-uk.pdf
2024-06-26 09:50:23,925 INFO:Processing PDF /Users/tommasoferracina/alfagomma/document-automation/invoice-sorter/media/train/utility-1-mys.pdf...
2024-06-26 09:50:23,925 INFO:Starting OCR for /Users/tommasoferracina/alfagomma/document-automation/invoice-sorter/media/train/utility-1-mys.pdf
2024-06-26 09:50:26,051 INFO:Processed page 1
2024-06-26 09:50:26,051 INFO:OCR completed successfully for /Users/tommasoferracina/alfagomma/document-automation/invoice-sorter/media/train/utility-1-mys.pdf
2024-06-26 09:50:26,052 INFO:OCR results successfully saved to train_ocr_results.json
2024-06-26 09:50:26,052 INFO:Starting OCR processing for directory: /Users/tommasoferracina/alfagomma/document-automation/invoice-sorter/media/test
2024-06-26 09:50:26,053 INFO:Processing image /Users/tommasoferracina/alfagomma/document-automation/invoice-sorter/media/test/invoice-uk-service.jpg...
2024-06-26 09:50:26,053 INFO:Attempting OCR on /Users/tommasoferracina/alfagomma/document-automation/invoice-sorter/media/test/invoice-uk-service.jpg
2024-06-26 09:50:26,997 INFO:Processing image /Users/tommasoferracina/alfagomma/document-automation/invoice-sorter/media/test/invoice-Malaysia-freight.jpg...
2024-06-26 09:50:26,997 INFO:Attempting OCR on /Users/tommasoferracina/alfagomma/document-automation/invoice-sorter/media/test/invoice-Malaysia-freight.jpg
2024-06-26 09:50:27,857 INFO:Processing image /Users/tommasoferracina/alfagomma/document-automation/invoice-sorter/media/test/invoice-australia-product.jpg...
2024-06-26 09:50:27,857 INFO:Attempting OCR on /Users/tommasoferracina/alfagomma/document-automation/invoice-sorter/media/test/invoice-australia-product.jpg
2024-06-26 09:50:28,380 INFO:Processing image /Users/tommasoferracina/alfagomma/document-automation/invoice-sorter/media/test/invoice-singapore-product.jpeg...
2024-06-26 09:50:28,380 INFO:Attempting OCR on /Users/tommasoferracina/alfagomma/document-automation/invoice-sorter/media/test/invoice-singapore-product.jpeg
2024-06-26 09:50:29,386 INFO:OCR results successfully saved to ocr_results.json
2024-06-26 09:50:32,059 INFO:Classified invoice-uk-service.jpg as: uk (0.55 confidence) | service (0.51 confidence) in 2.67 seconds.
2024-06-26 09:50:34,785 INFO:Classified invoice-Malaysia-freight.jpg as: malaysia (0.89 confidence) | freight (0.50 confidence) in 2.73 seconds.
2024-06-26 09:50:35,873 INFO:Classified invoice-australia-product.jpg as: australia (0.35 confidence) | product (0.37 confidence) in 1.09 seconds.
2024-06-26 09:50:37,223 INFO:Classified invoice-singapore-product.jpeg as: singapore (0.59 confidence) | product (0.40 confidence) in 1.35 seconds.
2024-06-26 09:52:13,348 INFO:Model file downloaded: /Users/tommasoferracina/.cache/huggingface/hub/models--knowledgator--comprehend_it-base/snapshots/84c22d784eb9449ae343fb09d07908ef32903037/config.json
2024-06-26 09:52:13,726 INFO:Model file downloaded: /Users/tommasoferracina/.cache/huggingface/hub/models--knowledgator--comprehend_it-base/snapshots/84c22d784eb9449ae343fb09d07908ef32903037/added_tokens.json
2024-06-26 09:52:13,873 INFO:Model file downloaded: /Users/tommasoferracina/.cache/huggingface/hub/models--knowledgator--comprehend_it-base/snapshots/84c22d784eb9449ae343fb09d07908ef32903037/pytorch_model.bin
2024-06-26 09:52:14,015 INFO:Model file downloaded: /Users/tommasoferracina/.cache/huggingface/hub/models--knowledgator--comprehend_it-base/snapshots/84c22d784eb9449ae343fb09d07908ef32903037/special_tokens_map.json
2024-06-26 09:52:14,194 INFO:Model file downloaded: /Users/tommasoferracina/.cache/huggingface/hub/models--knowledgator--comprehend_it-base/snapshots/84c22d784eb9449ae343fb09d07908ef32903037/tokenizer.json
2024-06-26 09:52:14,342 INFO:Model file downloaded: /Users/tommasoferracina/.cache/huggingface/hub/models--knowledgator--comprehend_it-base/snapshots/84c22d784eb9449ae343fb09d07908ef32903037/tokenizer_config.json
2024-06-26 09:52:14,493 INFO:Model file downloaded: /Users/tommasoferracina/.cache/huggingface/hub/models--knowledgator--comprehend_it-base/snapshots/84c22d784eb9449ae343fb09d07908ef32903037/spm.model
2024-06-26 09:52:16,820 INFO:Directory path set to: /Users/tommasoferracina/alfagomma/document-automation/invoice-sorter/media/train
2024-06-26 09:52:16,821 INFO:Starting OCR processing for directory: /Users/tommasoferracina/alfagomma/document-automation/invoice-sorter/media/train
2024-06-26 09:52:16,821 INFO:Processing PDF /Users/tommasoferracina/alfagomma/document-automation/invoice-sorter/media/train/service-7-uk.pdf...
2024-06-26 09:52:16,821 INFO:Starting OCR for /Users/tommasoferracina/alfagomma/document-automation/invoice-sorter/media/train/service-7-uk.pdf
2024-06-26 09:52:19,549 INFO:Processed page 1
2024-06-26 09:52:19,549 INFO:OCR completed successfully for /Users/tommasoferracina/alfagomma/document-automation/invoice-sorter/media/train/service-7-uk.pdf
2024-06-26 09:52:19,550 INFO:Processing PDF /Users/tommasoferracina/alfagomma/document-automation/invoice-sorter/media/train/product-3-aus.pdf...
2024-06-26 09:52:19,550 INFO:Starting OCR for /Users/tommasoferracina/alfagomma/document-automation/invoice-sorter/media/train/product-3-aus.pdf
2024-06-26 09:52:21,487 INFO:Processed page 1
2024-06-26 09:52:21,487 INFO:OCR completed successfully for /Users/tommasoferracina/alfagomma/document-automation/invoice-sorter/media/train/product-3-aus.pdf
2024-06-26 09:52:21,488 INFO:Processing PDF /Users/tommasoferracina/alfagomma/document-automation/invoice-sorter/media/train/product-13-uk.pdf...
2024-06-26 09:52:21,488 INFO:Starting OCR for /Users/tommasoferracina/alfagomma/document-automation/invoice-sorter/media/train/product-13-uk.pdf
2024-06-26 09:52:24,242 INFO:Processed page 1
2024-06-26 09:52:24,243 INFO:OCR completed successfully for /Users/tommasoferracina/alfagomma/document-automation/invoice-sorter/media/train/product-13-uk.pdf
2024-06-26 09:52:24,243 INFO:Processing PDF /Users/tommasoferracina/alfagomma/document-automation/invoice-sorter/media/train/service-3-aus.pdf...
2024-06-26 09:52:24,243 INFO:Starting OCR for /Users/tommasoferracina/alfagomma/document-automation/invoice-sorter/media/train/service-3-aus.pdf
2024-06-26 09:52:26,424 INFO:Processed page 1
2024-06-26 09:52:26,424 INFO:OCR completed successfully for /Users/tommasoferracina/alfagomma/document-automation/invoice-sorter/media/train/service-3-aus.pdf
2024-06-26 09:52:26,424 INFO:Processing PDF /Users/tommasoferracina/alfagomma/document-automation/invoice-sorter/media/train/utility-1-uk.pdf...
2024-06-26 09:52:26,424 INFO:Starting OCR for /Users/tommasoferracina/alfagomma/document-automation/invoice-sorter/media/train/utility-1-uk.pdf
2024-06-26 09:52:28,371 INFO:Processed page 1
2024-06-26 09:52:31,263 INFO:Processed page 2
2024-06-26 09:52:31,263 INFO:OCR completed successfully for /Users/tommasoferracina/alfagomma/document-automation/invoice-sorter/media/train/utility-1-uk.pdf
2024-06-26 09:52:31,264 INFO:Processing PDF /Users/tommasoferracina/alfagomma/document-automation/invoice-sorter/media/train/freight-1-aus.pdf...
2024-06-26 09:52:31,264 INFO:Starting OCR for /Users/tommasoferracina/alfagomma/document-automation/invoice-sorter/media/train/freight-1-aus.pdf
2024-06-26 09:52:33,169 INFO:Processed page 1
2024-06-26 09:52:36,384 INFO:Processed page 2
2024-06-26 09:52:38,139 INFO:Processed page 3
2024-06-26 09:52:38,139 INFO:OCR completed successfully for /Users/tommasoferracina/alfagomma/document-automation/invoice-sorter/media/train/freight-1-aus.pdf
2024-06-26 09:52:38,140 INFO:Processing PDF /Users/tommasoferracina/alfagomma/document-automation/invoice-sorter/media/train/freight-7-uk.pdf...
2024-06-26 09:52:38,140 INFO:Starting OCR for /Users/tommasoferracina/alfagomma/document-automation/invoice-sorter/media/train/freight-7-uk.pdf
2024-06-26 09:52:41,178 INFO:Processed page 1
2024-06-26 09:52:43,802 INFO:Processed page 2
2024-06-26 09:52:43,802 INFO:OCR completed successfully for /Users/tommasoferracina/alfagomma/document-automation/invoice-sorter/media/train/freight-7-uk.pdf
2024-06-26 09:52:43,803 INFO:Processing PDF /Users/tommasoferracina/alfagomma/document-automation/invoice-sorter/media/train/utility-1-mys.pdf...
2024-06-26 09:52:43,803 INFO:Starting OCR for /Users/tommasoferracina/alfagomma/document-automation/invoice-sorter/media/train/utility-1-mys.pdf
2024-06-26 09:52:46,236 INFO:Processed page 1
2024-06-26 09:52:46,236 INFO:OCR completed successfully for /Users/tommasoferracina/alfagomma/document-automation/invoice-sorter/media/train/utility-1-mys.pdf
2024-06-26 09:52:46,237 INFO:OCR results successfully saved to train_ocr_results.json
2024-06-26 09:52:46,237 INFO:Starting OCR processing for directory: /Users/tommasoferracina/alfagomma/document-automation/invoice-sorter/media/test
2024-06-26 09:52:46,237 INFO:Processing image /Users/tommasoferracina/alfagomma/document-automation/invoice-sorter/media/test/invoice-uk-service.jpg...
2024-06-26 09:52:46,237 INFO:Attempting OCR on /Users/tommasoferracina/alfagomma/document-automation/invoice-sorter/media/test/invoice-uk-service.jpg
2024-06-26 09:52:47,212 INFO:Processing image /Users/tommasoferracina/alfagomma/document-automation/invoice-sorter/media/test/invoice-Malaysia-freight.jpg...
2024-06-26 09:52:47,212 INFO:Attempting OCR on /Users/tommasoferracina/alfagomma/document-automation/invoice-sorter/media/test/invoice-Malaysia-freight.jpg
2024-06-26 09:52:48,026 INFO:Processing image /Users/tommasoferracina/alfagomma/document-automation/invoice-sorter/media/test/invoice-us.jpg...
2024-06-26 09:52:48,026 INFO:Attempting OCR on /Users/tommasoferracina/alfagomma/document-automation/invoice-sorter/media/test/invoice-us.jpg
2024-06-26 09:52:48,530 INFO:Processing image /Users/tommasoferracina/alfagomma/document-automation/invoice-sorter/media/test/invoice-singapore-product.jpeg...
2024-06-26 09:52:48,530 INFO:Attempting OCR on /Users/tommasoferracina/alfagomma/document-automation/invoice-sorter/media/test/invoice-singapore-product.jpeg
2024-06-26 09:52:49,540 INFO:OCR results successfully saved to ocr_results.json
2024-06-26 09:52:51,858 INFO:Classified invoice-uk-service.jpg as: uk (0.55 confidence) | service (0.51 confidence) in 2.32 seconds.
2024-06-26 09:52:54,666 INFO:Classified invoice-Malaysia-freight.jpg as: malaysia (0.89 confidence) | freight (0.50 confidence) in 2.81 seconds.
2024-06-26 09:52:55,801 INFO:Classified invoice-us.jpg as: australia (0.35 confidence) | product (0.37 confidence) in 1.13 seconds.
2024-06-26 09:52:57,102 INFO:Classified invoice-singapore-product.jpeg as: singapore (0.59 confidence) | product (0.40 confidence) in 1.30 seconds.
